<?xml version="1.0" encoding="UTF-8"?>
<!-- Generated by org.testng.reporters.JUnitXMLReporter -->
<testsuite hostname="DESKTOP-O2K3836" ignored="0" name="Default test" tests="6" failures="0" timestamp="2020-09-17T17:07:04 IST" time="117.947" errors="0">
  <testcase name="BTLapp" time="11.249" classname="com.brandintelle.maven.com.brandintelle.maven.BTLJOBS_1"/>
  <testcase name="BTLJOB" time="24.06" classname="com.brandintelle.maven.com.brandintelle.maven.BTLJOBS_1"/>
  <testcase name="BTLSUBActivity" time="20.266" classname="com.brandintelle.maven.com.brandintelle.maven.BTLJOBS_1"/>
  <testcase name="Taxcommission" time="20.218" classname="com.brandintelle.maven.com.brandintelle.maven.BTLJOBS_1"/>
  <testcase name="Review" time="0.237" classname="com.brandintelle.maven.com.brandintelle.maven.BTLJOBS_1"/>
  <testcase name="savejobpopup" time="0.165" classname="com.brandintelle.maven.com.brandintelle.maven.BTLJOBS_1"/>
</testsuite> <!-- Default test -->
