<?xml version="1.0" encoding="UTF-8"?>
<!-- Generated by org.testng.reporters.JUnitXMLReporter -->
<testsuite hostname="DESKTOP-O2K3836" ignored="0" name="Test" tests="6" failures="0" timestamp="2020-08-26T16:58:12 IST" time="109.473" errors="0">
  <testcase name="BTLapp" time="9.802" classname="com.brandintelle.maven.com.brandintelle.maven.BTLJOBS_1"/>
  <testcase name="BTLJOB" time="19.727" classname="com.brandintelle.maven.com.brandintelle.maven.BTLJOBS_1"/>
  <testcase name="BTLSUBActivity" time="20.358" classname="com.brandintelle.maven.com.brandintelle.maven.BTLJOBS_1"/>
  <testcase name="Taxcommission" time="21.167" classname="com.brandintelle.maven.com.brandintelle.maven.BTLJOBS_1"/>
  <testcase name="Review" time="0.464" classname="com.brandintelle.maven.com.brandintelle.maven.BTLJOBS_1"/>
  <testcase name="savejobpopup" time="0.309" classname="com.brandintelle.maven.com.brandintelle.maven.BTLJOBS_1"/>
</testsuite> <!-- Test -->
