<?xml version="1.0" encoding="UTF-8"?>
<!-- Generated by org.testng.reporters.JUnitXMLReporter -->
<testsuite hostname="DESKTOP-O2K3836" ignored="0" name="Test" tests="6" failures="0" timestamp="2020-09-17T15:37:55 IST" time="111.575" errors="0">
  <testcase name="BTLapp" time="11.355" classname="com.brandintelle.maven.com.brandintelle.maven.BTLJOBS_1"/>
  <testcase name="BTLJOB" time="19.41" classname="com.brandintelle.maven.com.brandintelle.maven.BTLJOBS_1"/>
  <testcase name="BTLSUBActivity" time="19.953" classname="com.brandintelle.maven.com.brandintelle.maven.BTLJOBS_1"/>
  <testcase name="Taxcommission" time="21.689" classname="com.brandintelle.maven.com.brandintelle.maven.BTLJOBS_1"/>
  <testcase name="Review" time="0.192" classname="com.brandintelle.maven.com.brandintelle.maven.BTLJOBS_1"/>
  <testcase name="savejobpopup" time="0.199" classname="com.brandintelle.maven.com.brandintelle.maven.BTLJOBS_1"/>
</testsuite> <!-- Test -->
